<?xml version="1.0" encoding="UTF-8"?>
<!-- Generated by org.testng.reporters.JUnitReportReporter -->
<testsuite hostname="ind-vpawar" name="Frmwrk.Seleniumframeworkvikesh.TestJSErrorsEverestTest" tests="1" failures="0" timestamp="16 Oct 2019 09:39:32 GMT" time="7.366" errors="0">
  <testcase name="collectJSErrors" time="7.366" classname="Frmwrk.Seleniumframeworkvikesh.TestJSErrorsEverestTest"/>
</testsuite> <!-- Frmwrk.Seleniumframeworkvikesh.TestJSErrorsEverestTest -->
